Performing C++ SOURCE FILE Test COMPILER_SUPPORT_Wshorten64to32 failed with the following output:
Change Dir: /gpfs/home/pgersberg/libeigen/buikd_dir/CMakeFiles/CMakeTmp

Run Build Command:/usr/bin/gmake "cmTryCompileExec1268230917/fast"
/usr/bin/gmake -f CMakeFiles/cmTryCompileExec1268230917.dir/build.make CMakeFiles/cmTryCompileExec1268230917.dir/build
gmake[1]: Entering directory `/gpfs/home/pgersberg/libeigen/buikd_dir/CMakeFiles/CMakeTmp'
/usr/bin/cmake -E cmake_progress_report /gpfs/home/pgersberg/libeigen/buikd_dir/CMakeFiles/CMakeTmp/CMakeFiles 1
Building CXX object CMakeFiles/cmTryCompileExec1268230917.dir/src.cxx.o
/usr/bin/c++    -std=c++03 -pedantic -Wall -Wextra -Wundef -Wcast-align -Wchar-subscripts -Wnon-virtual-dtor -Wunused-local-typedefs -Wpointer-arith -Wwrite-strings -Wformat-security -DCOMPILER_SUPPORT_Wshorten64to32 -Werror   -Wshorten-64-to-32 -o CMakeFiles/cmTryCompileExec1268230917.dir/src.cxx.o -c /gpfs/home/pgersberg/libeigen/buikd_dir/CMakeFiles/CMakeTmp/src.cxx
c++: error: unrecognized command line option '-Wshorten-64-to-32'
gmake[1]: *** [CMakeFiles/cmTryCompileExec1268230917.dir/src.cxx.o] Error 1
gmake[1]: Leaving directory `/gpfs/home/pgersberg/libeigen/buikd_dir/CMakeFiles/CMakeTmp'
gmake: *** [cmTryCompileExec1268230917/fast] Error 2

Source file was:
int main() { return 0;}
Performing C++ SOURCE FILE Test COMPILER_SUPPORT_Wenumconversion failed with the following output:
Change Dir: /gpfs/home/pgersberg/libeigen/buikd_dir/CMakeFiles/CMakeTmp

Run Build Command:/usr/bin/gmake "cmTryCompileExec2512547887/fast"
/usr/bin/gmake -f CMakeFiles/cmTryCompileExec2512547887.dir/build.make CMakeFiles/cmTryCompileExec2512547887.dir/build
gmake[1]: Entering directory `/gpfs/home/pgersberg/libeigen/buikd_dir/CMakeFiles/CMakeTmp'
/usr/bin/cmake -E cmake_progress_report /gpfs/home/pgersberg/libeigen/buikd_dir/CMakeFiles/CMakeTmp/CMakeFiles 1
Building CXX object CMakeFiles/cmTryCompileExec2512547887.dir/src.cxx.o
/usr/bin/c++    -std=c++03 -pedantic -Wall -Wextra -Wundef -Wcast-align -Wchar-subscripts -Wnon-virtual-dtor -Wunused-local-typedefs -Wpointer-arith -Wwrite-strings -Wformat-security -Wlogical-op -DCOMPILER_SUPPORT_Wenumconversion -Werror   -Wenum-conversion -o CMakeFiles/cmTryCompileExec2512547887.dir/src.cxx.o -c /gpfs/home/pgersberg/libeigen/buikd_dir/CMakeFiles/CMakeTmp/src.cxx
c++: error: unrecognized command line option '-Wenum-conversion'
gmake[1]: *** [CMakeFiles/cmTryCompileExec2512547887.dir/src.cxx.o] Error 1
gmake[1]: Leaving directory `/gpfs/home/pgersberg/libeigen/buikd_dir/CMakeFiles/CMakeTmp'
gmake: *** [cmTryCompileExec2512547887/fast] Error 2

Source file was:
int main() { return 0;}
Performing C++ SOURCE FILE Test COMPILER_SUPPORT_Wcpp11extensions failed with the following output:
Change Dir: /gpfs/home/pgersberg/libeigen/buikd_dir/CMakeFiles/CMakeTmp

Run Build Command:/usr/bin/gmake "cmTryCompileExec1034899342/fast"
/usr/bin/gmake -f CMakeFiles/cmTryCompileExec1034899342.dir/build.make CMakeFiles/cmTryCompileExec1034899342.dir/build
gmake[1]: Entering directory `/gpfs/home/pgersberg/libeigen/buikd_dir/CMakeFiles/CMakeTmp'
/usr/bin/cmake -E cmake_progress_report /gpfs/home/pgersberg/libeigen/buikd_dir/CMakeFiles/CMakeTmp/CMakeFiles 1
Building CXX object CMakeFiles/cmTryCompileExec1034899342.dir/src.cxx.o
/usr/bin/c++    -std=c++03 -pedantic -Wall -Wextra -Wundef -Wcast-align -Wchar-subscripts -Wnon-virtual-dtor -Wunused-local-typedefs -Wpointer-arith -Wwrite-strings -Wformat-security -Wlogical-op -DCOMPILER_SUPPORT_Wcpp11extensions -Werror   -Wc++11-extensions -o CMakeFiles/cmTryCompileExec1034899342.dir/src.cxx.o -c /gpfs/home/pgersberg/libeigen/buikd_dir/CMakeFiles/CMakeTmp/src.cxx
c++: error: unrecognized command line option '-Wc++11-extensions'
gmake[1]: *** [CMakeFiles/cmTryCompileExec1034899342.dir/src.cxx.o] Error 1
gmake[1]: Leaving directory `/gpfs/home/pgersberg/libeigen/buikd_dir/CMakeFiles/CMakeTmp'
gmake: *** [cmTryCompileExec1034899342/fast] Error 2

Source file was:
int main() { return 0;}
Performing C++ SOURCE FILE Test COMPILER_SUPPORT_wd981 failed with the following output:
Change Dir: /gpfs/home/pgersberg/libeigen/buikd_dir/CMakeFiles/CMakeTmp

Run Build Command:/usr/bin/gmake "cmTryCompileExec4228415952/fast"
/usr/bin/gmake -f CMakeFiles/cmTryCompileExec4228415952.dir/build.make CMakeFiles/cmTryCompileExec4228415952.dir/build
gmake[1]: Entering directory `/gpfs/home/pgersberg/libeigen/buikd_dir/CMakeFiles/CMakeTmp'
/usr/bin/cmake -E cmake_progress_report /gpfs/home/pgersberg/libeigen/buikd_dir/CMakeFiles/CMakeTmp/CMakeFiles 1
Building CXX object CMakeFiles/cmTryCompileExec4228415952.dir/src.cxx.o
/usr/bin/c++    -std=c++03 -pedantic -Wall -Wextra -Wundef -Wcast-align -Wchar-subscripts -Wnon-virtual-dtor -Wunused-local-typedefs -Wpointer-arith -Wwrite-strings -Wformat-security -Wlogical-op -Wdouble-promotion -Wno-psabi -Wno-variadic-macros -Wno-long-long -fno-check-new -fno-common -fstrict-aliasing -DCOMPILER_SUPPORT_wd981 -Werror   -wd981 -o CMakeFiles/cmTryCompileExec4228415952.dir/src.cxx.o -c /gpfs/home/pgersberg/libeigen/buikd_dir/CMakeFiles/CMakeTmp/src.cxx
c++: error: unrecognized command line option '-wd981'
gmake[1]: *** [CMakeFiles/cmTryCompileExec4228415952.dir/src.cxx.o] Error 1
gmake[1]: Leaving directory `/gpfs/home/pgersberg/libeigen/buikd_dir/CMakeFiles/CMakeTmp'
gmake: *** [cmTryCompileExec4228415952/fast] Error 2

Source file was:
int main() { return 0;}
Performing C++ SOURCE FILE Test COMPILER_SUPPORT_wd2304 failed with the following output:
Change Dir: /gpfs/home/pgersberg/libeigen/buikd_dir/CMakeFiles/CMakeTmp

Run Build Command:/usr/bin/gmake "cmTryCompileExec3336371133/fast"
/usr/bin/gmake -f CMakeFiles/cmTryCompileExec3336371133.dir/build.make CMakeFiles/cmTryCompileExec3336371133.dir/build
gmake[1]: Entering directory `/gpfs/home/pgersberg/libeigen/buikd_dir/CMakeFiles/CMakeTmp'
/usr/bin/cmake -E cmake_progress_report /gpfs/home/pgersberg/libeigen/buikd_dir/CMakeFiles/CMakeTmp/CMakeFiles 1
Building CXX object CMakeFiles/cmTryCompileExec3336371133.dir/src.cxx.o
/usr/bin/c++    -std=c++03 -pedantic -Wall -Wextra -Wundef -Wcast-align -Wchar-subscripts -Wnon-virtual-dtor -Wunused-local-typedefs -Wpointer-arith -Wwrite-strings -Wformat-security -Wlogical-op -Wdouble-promotion -Wno-psabi -Wno-variadic-macros -Wno-long-long -fno-check-new -fno-common -fstrict-aliasing -DCOMPILER_SUPPORT_wd2304 -Werror   -wd2304 -o CMakeFiles/cmTryCompileExec3336371133.dir/src.cxx.o -c /gpfs/home/pgersberg/libeigen/buikd_dir/CMakeFiles/CMakeTmp/src.cxx
c++: error: unrecognized command line option '-wd2304'
gmake[1]: *** [CMakeFiles/cmTryCompileExec3336371133.dir/src.cxx.o] Error 1
gmake[1]: Leaving directory `/gpfs/home/pgersberg/libeigen/buikd_dir/CMakeFiles/CMakeTmp'
gmake: *** [cmTryCompileExec3336371133/fast] Error 2

Source file was:
int main() { return 0;}
Performing C++ SOURCE FILE Test COMPILER_SUPPORT_STRICTANSI failed with the following output:
Change Dir: /gpfs/home/pgersberg/libeigen/buikd_dir/CMakeFiles/CMakeTmp

Run Build Command:/usr/bin/gmake "cmTryCompileExec3322553906/fast"
/usr/bin/gmake -f CMakeFiles/cmTryCompileExec3322553906.dir/build.make CMakeFiles/cmTryCompileExec3322553906.dir/build
gmake[1]: Entering directory `/gpfs/home/pgersberg/libeigen/buikd_dir/CMakeFiles/CMakeTmp'
/usr/bin/cmake -E cmake_progress_report /gpfs/home/pgersberg/libeigen/buikd_dir/CMakeFiles/CMakeTmp/CMakeFiles 1
Building CXX object CMakeFiles/cmTryCompileExec3322553906.dir/src.cxx.o
/usr/bin/c++    -std=c++03 -pedantic -Wall -Wextra -Wundef -Wcast-align -Wchar-subscripts -Wnon-virtual-dtor -Wunused-local-typedefs -Wpointer-arith -Wwrite-strings -Wformat-security -Wlogical-op -Wdouble-promotion -Wno-psabi -Wno-variadic-macros -Wno-long-long -fno-check-new -fno-common -fstrict-aliasing -DCOMPILER_SUPPORT_STRICTANSI -Werror   -strict-ansi -o CMakeFiles/cmTryCompileExec3322553906.dir/src.cxx.o -c /gpfs/home/pgersberg/libeigen/buikd_dir/CMakeFiles/CMakeTmp/src.cxx
c++: error: unrecognized command line option '-strict-ansi'
gmake[1]: *** [CMakeFiles/cmTryCompileExec3322553906.dir/src.cxx.o] Error 1
gmake[1]: Leaving directory `/gpfs/home/pgersberg/libeigen/buikd_dir/CMakeFiles/CMakeTmp'
gmake: *** [cmTryCompileExec3322553906/fast] Error 2

Source file was:
int main() { return 0;}
Performing C++ SOURCE FILE Test COMPILER_SUPPORT_Qunusedarguments failed with the following output:
Change Dir: /gpfs/home/pgersberg/libeigen/buikd_dir/CMakeFiles/CMakeTmp

Run Build Command:/usr/bin/gmake "cmTryCompileExec3445111971/fast"
/usr/bin/gmake -f CMakeFiles/cmTryCompileExec3445111971.dir/build.make CMakeFiles/cmTryCompileExec3445111971.dir/build
gmake[1]: Entering directory `/gpfs/home/pgersberg/libeigen/buikd_dir/CMakeFiles/CMakeTmp'
/usr/bin/cmake -E cmake_progress_report /gpfs/home/pgersberg/libeigen/buikd_dir/CMakeFiles/CMakeTmp/CMakeFiles 1
Building CXX object CMakeFiles/cmTryCompileExec3445111971.dir/src.cxx.o
/usr/bin/c++    -std=c++03 -pedantic -Wall -Wextra -Wundef -Wcast-align -Wchar-subscripts -Wnon-virtual-dtor -Wunused-local-typedefs -Wpointer-arith -Wwrite-strings -Wformat-security -Wlogical-op -Wdouble-promotion -Wno-psabi -Wno-variadic-macros -Wno-long-long -fno-check-new -fno-common -fstrict-aliasing -DCOMPILER_SUPPORT_Qunusedarguments -Werror   -Qunused-arguments -o CMakeFiles/cmTryCompileExec3445111971.dir/src.cxx.o -c /gpfs/home/pgersberg/libeigen/buikd_dir/CMakeFiles/CMakeTmp/src.cxx
c++: error: unrecognized command line option '-Qunused-arguments'
gmake[1]: *** [CMakeFiles/cmTryCompileExec3445111971.dir/src.cxx.o] Error 1
gmake[1]: Leaving directory `/gpfs/home/pgersberg/libeigen/buikd_dir/CMakeFiles/CMakeTmp'
gmake: *** [cmTryCompileExec3445111971/fast] Error 2

Source file was:
int main() { return 0;}
Determining if the Q_WS_WIN exist failed with the following output:
Change Dir: /gpfs/home/pgersberg/libeigen/buikd_dir/CMakeFiles/CMakeTmp

Run Build Command:/usr/bin/gmake "cmTryCompileExec4131886312/fast"
/usr/bin/gmake -f CMakeFiles/cmTryCompileExec4131886312.dir/build.make CMakeFiles/cmTryCompileExec4131886312.dir/build
gmake[1] : on entre dans le répertoire « /gpfs/home/pgersberg/libeigen/buikd_dir/CMakeFiles/CMakeTmp »
/usr/bin/cmake -E cmake_progress_report /gpfs/home/pgersberg/libeigen/buikd_dir/CMakeFiles/CMakeTmp/CMakeFiles 1
Building CXX object CMakeFiles/cmTryCompileExec4131886312.dir/CheckSymbolExists.cxx.o
/usr/bin/c++    -std=c++03 -pedantic -Wall -Wextra -Wundef -Wcast-align -Wchar-subscripts -Wnon-virtual-dtor -Wunused-local-typedefs -Wpointer-arith -Wwrite-strings -Wformat-security -Wlogical-op -Wdouble-promotion -Wno-psabi -Wno-variadic-macros -Wno-long-long -fno-check-new -fno-common -fstrict-aliasing -ansi -O1 -g1    -o CMakeFiles/cmTryCompileExec4131886312.dir/CheckSymbolExists.cxx.o -c /gpfs/home/pgersberg/libeigen/buikd_dir/CMakeFiles/CMakeTmp/CheckSymbolExists.cxx
/gpfs/home/pgersberg/libeigen/buikd_dir/CMakeFiles/CMakeTmp/CheckSymbolExists.cxx: In function ‘int main(int, char**)’:
/gpfs/home/pgersberg/libeigen/buikd_dir/CMakeFiles/CMakeTmp/CheckSymbolExists.cxx:8:19: erreur: ‘Q_WS_WIN’ was not declared in this scope
   return ((int*)(&Q_WS_WIN))[argc];
                   ^
gmake[1]: *** [CMakeFiles/cmTryCompileExec4131886312.dir/CheckSymbolExists.cxx.o] Erreur 1
gmake[1] : on quitte le répertoire « /gpfs/home/pgersberg/libeigen/buikd_dir/CMakeFiles/CMakeTmp »
gmake: *** [cmTryCompileExec4131886312/fast] Erreur 2

File /gpfs/home/pgersberg/libeigen/buikd_dir/CMakeFiles/CMakeTmp/CheckSymbolExists.cxx:
/* */
#include <QtCore/qglobal.h>

int main(int argc, char** argv)
{
  (void)argv;
#ifndef Q_WS_WIN
  return ((int*)(&Q_WS_WIN))[argc];
#else
  (void)argc;
  return 0;
#endif
}

Determining if the Q_WS_QWS exist failed with the following output:
Change Dir: /gpfs/home/pgersberg/libeigen/buikd_dir/CMakeFiles/CMakeTmp

Run Build Command:/usr/bin/gmake "cmTryCompileExec2830500518/fast"
/usr/bin/gmake -f CMakeFiles/cmTryCompileExec2830500518.dir/build.make CMakeFiles/cmTryCompileExec2830500518.dir/build
gmake[1] : on entre dans le répertoire « /gpfs/home/pgersberg/libeigen/buikd_dir/CMakeFiles/CMakeTmp »
/usr/bin/cmake -E cmake_progress_report /gpfs/home/pgersberg/libeigen/buikd_dir/CMakeFiles/CMakeTmp/CMakeFiles 1
Building CXX object CMakeFiles/cmTryCompileExec2830500518.dir/CheckSymbolExists.cxx.o
/usr/bin/c++    -std=c++03 -pedantic -Wall -Wextra -Wundef -Wcast-align -Wchar-subscripts -Wnon-virtual-dtor -Wunused-local-typedefs -Wpointer-arith -Wwrite-strings -Wformat-security -Wlogical-op -Wdouble-promotion -Wno-psabi -Wno-variadic-macros -Wno-long-long -fno-check-new -fno-common -fstrict-aliasing -ansi -O1 -g1    -o CMakeFiles/cmTryCompileExec2830500518.dir/CheckSymbolExists.cxx.o -c /gpfs/home/pgersberg/libeigen/buikd_dir/CMakeFiles/CMakeTmp/CheckSymbolExists.cxx
/gpfs/home/pgersberg/libeigen/buikd_dir/CMakeFiles/CMakeTmp/CheckSymbolExists.cxx: In function ‘int main(int, char**)’:
/gpfs/home/pgersberg/libeigen/buikd_dir/CMakeFiles/CMakeTmp/CheckSymbolExists.cxx:8:19: erreur: ‘Q_WS_QWS’ was not declared in this scope
   return ((int*)(&Q_WS_QWS))[argc];
                   ^
gmake[1]: *** [CMakeFiles/cmTryCompileExec2830500518.dir/CheckSymbolExists.cxx.o] Erreur 1
gmake[1] : on quitte le répertoire « /gpfs/home/pgersberg/libeigen/buikd_dir/CMakeFiles/CMakeTmp »
gmake: *** [cmTryCompileExec2830500518/fast] Erreur 2

File /gpfs/home/pgersberg/libeigen/buikd_dir/CMakeFiles/CMakeTmp/CheckSymbolExists.cxx:
/* */
#include <QtCore/qglobal.h>

int main(int argc, char** argv)
{
  (void)argv;
#ifndef Q_WS_QWS
  return ((int*)(&Q_WS_QWS))[argc];
#else
  (void)argc;
  return 0;
#endif
}

Determining if the Q_WS_MAC exist failed with the following output:
Change Dir: /gpfs/home/pgersberg/libeigen/buikd_dir/CMakeFiles/CMakeTmp

Run Build Command:/usr/bin/gmake "cmTryCompileExec615069756/fast"
/usr/bin/gmake -f CMakeFiles/cmTryCompileExec615069756.dir/build.make CMakeFiles/cmTryCompileExec615069756.dir/build
gmake[1] : on entre dans le répertoire « /gpfs/home/pgersberg/libeigen/buikd_dir/CMakeFiles/CMakeTmp »
/usr/bin/cmake -E cmake_progress_report /gpfs/home/pgersberg/libeigen/buikd_dir/CMakeFiles/CMakeTmp/CMakeFiles 1
Building CXX object CMakeFiles/cmTryCompileExec615069756.dir/CheckSymbolExists.cxx.o
/usr/bin/c++    -std=c++03 -pedantic -Wall -Wextra -Wundef -Wcast-align -Wchar-subscripts -Wnon-virtual-dtor -Wunused-local-typedefs -Wpointer-arith -Wwrite-strings -Wformat-security -Wlogical-op -Wdouble-promotion -Wno-psabi -Wno-variadic-macros -Wno-long-long -fno-check-new -fno-common -fstrict-aliasing -ansi -O1 -g1    -o CMakeFiles/cmTryCompileExec615069756.dir/CheckSymbolExists.cxx.o -c /gpfs/home/pgersberg/libeigen/buikd_dir/CMakeFiles/CMakeTmp/CheckSymbolExists.cxx
/gpfs/home/pgersberg/libeigen/buikd_dir/CMakeFiles/CMakeTmp/CheckSymbolExists.cxx: In function ‘int main(int, char**)’:
/gpfs/home/pgersberg/libeigen/buikd_dir/CMakeFiles/CMakeTmp/CheckSymbolExists.cxx:8:19: erreur: ‘Q_WS_MAC’ was not declared in this scope
   return ((int*)(&Q_WS_MAC))[argc];
                   ^
gmake[1]: *** [CMakeFiles/cmTryCompileExec615069756.dir/CheckSymbolExists.cxx.o] Erreur 1
gmake[1] : on quitte le répertoire « /gpfs/home/pgersberg/libeigen/buikd_dir/CMakeFiles/CMakeTmp »
gmake: *** [cmTryCompileExec615069756/fast] Erreur 2

File /gpfs/home/pgersberg/libeigen/buikd_dir/CMakeFiles/CMakeTmp/CheckSymbolExists.cxx:
/* */
#include <QtCore/qglobal.h>

int main(int argc, char** argv)
{
  (void)argv;
#ifndef Q_WS_MAC
  return ((int*)(&Q_WS_MAC))[argc];
#else
  (void)argc;
  return 0;
#endif
}

Determining if the pthread_create exist failed with the following output:
Change Dir: /gpfs/home/pgersberg/libeigen/buikd_dir/CMakeFiles/CMakeTmp

Run Build Command:/usr/bin/gmake "cmTryCompileExec1022909086/fast"
/usr/bin/gmake -f CMakeFiles/cmTryCompileExec1022909086.dir/build.make CMakeFiles/cmTryCompileExec1022909086.dir/build
gmake[1] : on entre dans le répertoire « /gpfs/home/pgersberg/libeigen/buikd_dir/CMakeFiles/CMakeTmp »
/usr/bin/cmake -E cmake_progress_report /gpfs/home/pgersberg/libeigen/buikd_dir/CMakeFiles/CMakeTmp/CMakeFiles 1
Building C object CMakeFiles/cmTryCompileExec1022909086.dir/CheckSymbolExists.c.o
/usr/bin/cc    -o CMakeFiles/cmTryCompileExec1022909086.dir/CheckSymbolExists.c.o   -c /gpfs/home/pgersberg/libeigen/buikd_dir/CMakeFiles/CMakeTmp/CheckSymbolExists.c
Linking C executable cmTryCompileExec1022909086
/usr/bin/cmake -E cmake_link_script CMakeFiles/cmTryCompileExec1022909086.dir/link.txt --verbose=1
/usr/bin/cc       CMakeFiles/cmTryCompileExec1022909086.dir/CheckSymbolExists.c.o  -o cmTryCompileExec1022909086 -rdynamic 
CMakeFiles/cmTryCompileExec1022909086.dir/CheckSymbolExists.c.o: dans la fonction « main »:
CheckSymbolExists.c:(.text+0x16): référence indéfinie vers « pthread_create »
collect2: erreur: ld a retourné 1 code d'état d'exécution
gmake[1]: *** [cmTryCompileExec1022909086] Erreur 1
gmake[1] : on quitte le répertoire « /gpfs/home/pgersberg/libeigen/buikd_dir/CMakeFiles/CMakeTmp »
gmake: *** [cmTryCompileExec1022909086/fast] Erreur 2

File /gpfs/home/pgersberg/libeigen/buikd_dir/CMakeFiles/CMakeTmp/CheckSymbolExists.c:
/* */
#include <pthread.h>

int main(int argc, char** argv)
{
  (void)argv;
#ifndef pthread_create
  return ((int*)(&pthread_create))[argc];
#else
  (void)argc;
  return 0;
#endif
}

Determining if the function pthread_create exists in the pthreads failed with the following output:
Change Dir: /gpfs/home/pgersberg/libeigen/buikd_dir/CMakeFiles/CMakeTmp

Run Build Command:/usr/bin/gmake "cmTryCompileExec2006211964/fast"
/usr/bin/gmake -f CMakeFiles/cmTryCompileExec2006211964.dir/build.make CMakeFiles/cmTryCompileExec2006211964.dir/build
gmake[1] : on entre dans le répertoire « /gpfs/home/pgersberg/libeigen/buikd_dir/CMakeFiles/CMakeTmp »
/usr/bin/cmake -E cmake_progress_report /gpfs/home/pgersberg/libeigen/buikd_dir/CMakeFiles/CMakeTmp/CMakeFiles 1
Building C object CMakeFiles/cmTryCompileExec2006211964.dir/CheckFunctionExists.c.o
/usr/bin/cc   -DCHECK_FUNCTION_EXISTS=pthread_create   -o CMakeFiles/cmTryCompileExec2006211964.dir/CheckFunctionExists.c.o   -c /usr/share/cmake/Modules/CheckFunctionExists.c
Linking C executable cmTryCompileExec2006211964
/usr/bin/cmake -E cmake_link_script CMakeFiles/cmTryCompileExec2006211964.dir/link.txt --verbose=1
/usr/bin/cc   -DCHECK_FUNCTION_EXISTS=pthread_create    CMakeFiles/cmTryCompileExec2006211964.dir/CheckFunctionExists.c.o  -o cmTryCompileExec2006211964 -rdynamic -lpthreads 
/usr/bin/ld: ne peut trouver -lpthreads
collect2: erreur: ld a retourné 1 code d'état d'exécution
gmake[1]: *** [cmTryCompileExec2006211964] Erreur 1
gmake[1] : on quitte le répertoire « /gpfs/home/pgersberg/libeigen/buikd_dir/CMakeFiles/CMakeTmp »
gmake: *** [cmTryCompileExec2006211964/fast] Erreur 2


